<?xml version="1.0" encoding="UTF-8"?>
<!-- Generated by org.testng.reporters.JUnitXMLReporter -->
<testsuite hostname="RAJESH-PC" name="Regression suite 1" tests="3" failures="0" timestamp="21 Aug 2017 15:09:31 GMT" time="0.837" errors="0">
  <testcase name="f" time="0.789" classname="com.qatools.com.NewTest"/>
  <testcase name="x" time="0.003" classname="com.qatools.com.NewTest"/>
  <testcase name="y" time="0.001" classname="com.qatools.com.NewTest"/>
</testsuite> <!-- Regression suite 1 -->
