<?xml version="1.0" encoding="UTF-8"?>
<!-- Generated by org.testng.reporters.JUnitXMLReporter -->
<testsuite hostname="RAJESH-PC" name="Command line test" tests="5" failures="1" timestamp="29 Aug 2017 06:29:00 GMT" time="13.097" errors="0">
  <testcase name="Enterfname" time="0.611" classname="com.qatools.com.GenderSelect"/>
  <testcase name="SelectMale" time="0.266" classname="com.qatools.com.GenderSelect"/>
  <testcase name="Enterlname" time="0.205" classname="com.qatools.com.GenderSelect"/>
  <testcase name="SelectFemale" time="0.175" classname="com.qatools.com.GenderSelect"/>
  <testcase name="Deselect" time="0.059" classname="com.qatools.com.GenderSelect">
    <failure type="java.lang.ClassCastException" message="java.util.ArrayList cannot be cast to org.openqa.selenium.WebElement">
      <![CDATA[java.lang.ClassCastException: java.util.ArrayList cannot be cast to org.openqa.selenium.WebElement
	at com.qatools.com.GenderSelect.Deselect(GenderSelect.java:31)
	at com.qatools.com.ReadExcel.Readfile(ReadExcel.java:53)
	at com.qatools.com.QaToolsDriver.main(QaToolsDriver.java:45)
... Removed 22 stack frames]]>
    </failure>
  </testcase> <!-- Deselect -->
</testsuite> <!-- Command line test -->
