<?xml version="1.0" encoding="UTF-8"?>
<testng-results skipped="0" failed="0" total="2" passed="2">
  <reporter-output>
  </reporter-output>
  <suite name="Default suite" duration-ms="25859" started-at="2017-12-28T14:10:56Z" finished-at="2017-12-28T14:11:22Z">
    <groups>
    </groups>
    <test name="Default test" duration-ms="25859" started-at="2017-12-28T14:10:56Z" finished-at="2017-12-28T14:11:22Z">
      <class name="com.mofirs.testng.Login">
        <test-method status="PASS" signature="setUrl()[pri:1, instance:com.mofirs.testng.Login@56f4468b]" name="setUrl" duration-ms="20887" started-at="2017-12-28T19:40:56Z" finished-at="2017-12-28T19:41:17Z">
          <reporter-output>
          </reporter-output>
        </test-method> <!-- setUrl -->
        <test-method status="PASS" signature="Loginclick()[pri:2, instance:com.mofirs.testng.Login@56f4468b]" name="Loginclick" duration-ms="4933" started-at="2017-12-28T19:41:17Z" finished-at="2017-12-28T19:41:22Z">
          <reporter-output>
          </reporter-output>
        </test-method> <!-- Loginclick -->
      </class> <!-- com.mofirs.testng.Login -->
    </test> <!-- Default test -->
  </suite> <!-- Default suite -->
</testng-results>
